Mon, 03 Apr 2023 23:37:39 GMT: successfully pushed image with reference bafybeiextjc6r7aix7xr5tiqwrrvxdcv4wkzlzvskrmqmyo3s3szxxxmvq@sha256:9cd6f30316aaf56205d049edbdf03882d8353e6368e6e8636c4e96797b9fb0d3
Wed, 05 Apr 2023 00:52:16 GMT: successfully pushed image with reference bafybeih2sbvhiq5nvoqagmxfstz56x5iv2p7qimg4vemvlbxu6idgfkoyy@sha256:49e30dfde949b7822f0d2fe067bbbbb06721448182097e6ee281d34bab7e0800
Wed, 05 Apr 2023 01:04:55 GMT: successfully pushed image with reference bafybeigm34iopvm423nznk63fahlfo5vbue7y5vzjmhigcper6zqjftpny@sha256:fb9a722469366becffde45f9b32ee049d6c0769ae08822761febd3605ab6a178
Wed, 05 Apr 2023 02:38:14 GMT: successfully pushed image with reference bafybeid47l6fqu52hk47bix4wmgvjzr3zq2qbntzloj6gn7qm23kml7vku@sha256:70661ceb23c1bc81f4943f90a3564e50366026a21fac1b413c23b05ba34cf572
Wed, 05 Apr 2023 03:45:07 GMT: successfully pushed image with reference bafybeiasij3xyncmacua4k5zamvbwgf3z5skccidjuheg3gdxi5xe4n3dy@sha256:0c04199777d00a72bed7b09b15502a5667f1edce8a24050d187f161022847963
Fri, 07 Apr 2023 10:44:46 GMT: successfully pushed image with reference bafybeigv3mtboau72j3g6wrthc2m7uff6fdgxqnjlsrxnjnmw6yvwxy6jq@sha256:194761dceaf6be99b69db6b1ec5a4e097c47fcb910f5847aa2407db054d058bf
Thu, 20 Apr 2023 05:19:22 GMT: successfully pushed image with reference bafybeia3zxts62qtvggo6mvfiv3xlvrp2e7uya2aydzsqexldlo6ba6gfa@sha256:7df1b8c14b3929a88623410a85f09539b7a71d451e2eb310991c012e1c96d684
Thu, 20 Apr 2023 19:37:35 GMT: successfully pushed image with reference bafybeiclrnu5ncfotg3bovxe33w3mfmelsw6xaymtnldw3a2vbgkeib76i@sha256:45d3fd62eab5d83442a4f437c397cd43fd16f16ad836d206e050e4000c1f2a79
Thu, 20 Apr 2023 21:00:39 GMT: successfully pushed image with reference bafybeigdexvllepcgzqzzcvbvwspohi4uzs4jmuwnxaxyx252dazweddxa@sha256:e43991672ddb67aebb8290b088bc3e51182c71ada2cfb4a772166f7aad4ed77e
Thu, 20 Apr 2023 21:44:07 GMT: successfully pushed image with reference bafybeieuqwkg3p4m2pvnamiyilrbufpl3hg2extg7newvbpj2jxzhm6foy@sha256:242f8fcebadcd99134b825367a67637743daad552b76045132f1bae735485f81
Fri, 21 Apr 2023 10:46:05 GMT: successfully pushed image with reference bafybeidllfxlcxr4lxpbf3wkjncukx2a5mm7qii7opswggla6wtjghbtzq@sha256:077ae4fcdf60931ee9f5a1c1820f7580c3c58fed3ebe40d513d0f33e01590ff7
Fri, 21 Apr 2023 11:03:28 GMT: successfully pushed image with reference bafybeidnonjbg2cveaolbknmjwlmbrmvmye2y3dceet4kb7mkigsj67zzq@sha256:b3b02ff0de4b3de0537dc9c8521663480edf7bc3b0b403e3a84f625242c833a2
Fri, 21 Apr 2023 11:17:32 GMT: successfully pushed image with reference bafybeifdyvu56dmoj5qez6mnx3qmkm7vl4lyixdnsg6mggifyy6qlxkbiy@sha256:ab326b761fef8c78e88537023cb0c9abb3acc59c5dba88ab0273346cb68f1553
Fri, 21 Apr 2023 18:42:06 GMT: successfully pushed image with reference bafybeianbjsne2wql73uhchkmbbhhebqy2tgkrtiyl3xkrjzyzcvlphccu@sha256:0e3b69258de92d1b798e8791674fd22e6f8dd8b1cbdd476c25f95796a4a4c787
Fri, 21 Apr 2023 18:46:51 GMT: successfully pushed image with reference bafybeign6df66umj25f6ftvpybvmw5zspzl3owgc4io26dyblvmu4beqc4@sha256:b76df9c57837bf53a2661395b97ee2e0de6305f1d8128306fb34c34987165cf1
Fri, 21 Apr 2023 19:44:18 GMT: successfully pushed image with reference bafybeicebvgnooe4ylngfvb6nyagbssriylz2lszeobk4kgrizzhdtju2m@sha256:e1d4c09a3ad254e1e8c7f37d1d2c4ce39d9e8dbd0476df59dced6d2bcdfc32fc
Fri, 21 Apr 2023 20:25:39 GMT: successfully pushed image with reference bafybeig6gmvqrf5fna3p3tksbyqlywh4ngvttrz6vinzj22ce2sm7itdrq@sha256:18a5e58fdeb273bfc27086823bb3bc8f02e31d719e3b313df07e5cf5f4dd895c
Mon, 24 Apr 2023 21:44:56 GMT: successfully pushed image with reference bafybeicm4ch225mmphbpq5n4mbi7ngx64ff7jlrgmyd2tyhizt2q4b2xta@sha256:0c65d007fc3d18018a5db447f67131ad44fb286e2b0bafd44a9b15d6c1ff7812
Mon, 24 Apr 2023 22:43:33 GMT: successfully pushed image with reference bafybeicm4ch225mmphbpq5n4mbi7ngx64ff7jlrgmyd2tyhizt2q4b2xta@sha256:0c65d007fc3d18018a5db447f67131ad44fb286e2b0bafd44a9b15d6c1ff7812
Tue, 25 Apr 2023 14:51:05 GMT: successfully pushed image with reference bafybeifvp35sbhocy3he4lrk4wcqfne326ubqklsynrlpyfs3maxq4yt3u@sha256:8692180b49a9a91fa1d91d27691d1fafac1c80d74e207e0d9144f261db4aece6
Tue, 25 Apr 2023 17:21:32 GMT: successfully pushed image with reference bafybeidd2s453bcq6cezh2luswcqlybehxrlo6kzrjgchlc7kkgifpntyu@sha256:404883048b675255f9262210ee110710cb01154c197aa24706c2fbcb3ae00834
